<?xml version="1.0" encoding="UTF-8"?>
<testng-results skipped="0" failed="0" total="1" passed="1">
  <reporter-output>
  </reporter-output>
  <suite name="Default suite" duration-ms="37366" started-at="2017-07-26T10:56:49Z" finished-at="2017-07-26T10:57:26Z">
    <groups>
    </groups>
    <test name="Default test" duration-ms="37366" started-at="2017-07-26T10:56:49Z" finished-at="2017-07-26T10:57:26Z">
      <class name="com.mastek.MastekBlanket.testscripts.TC001_Login">
        <test-method status="PASS" signature="setUp()[pri:0, instance:com.mastek.MastekBlanket.testscripts.TC001_Login@1753acfe]" name="setUp" is-config="true" duration-ms="24794" started-at="2017-07-26T16:26:49Z" finished-at="2017-07-26T16:27:13Z">
          <reporter-output>
          </reporter-output>
        </test-method> <!-- setUp -->
        <test-method status="PASS" signature="login()[pri:0, instance:com.mastek.MastekBlanket.testscripts.TC001_Login@1753acfe]" name="login" duration-ms="12556" started-at="2017-07-26T16:27:13Z" description="Login with valid data" finished-at="2017-07-26T16:27:26Z">
          <reporter-output>
          </reporter-output>
        </test-method> <!-- login -->
        <test-method status="PASS" signature="quitBrowser()[pri:0, instance:com.mastek.MastekBlanket.testscripts.TC001_Login@1753acfe]" name="quitBrowser" is-config="true" duration-ms="0" started-at="2017-07-26T16:27:26Z" finished-at="2017-07-26T16:27:26Z">
          <reporter-output>
          </reporter-output>
        </test-method> <!-- quitBrowser -->
      </class> <!-- com.mastek.MastekBlanket.testscripts.TC001_Login -->
    </test> <!-- Default test -->
  </suite> <!-- Default suite -->
</testng-results>
